2021-01-20 12:07:18 INFO  inside Autherization 
2021-01-20 12:07:43 INFO  inside userDetailsService [Administrator]
2021-01-20 12:07:43 INFO  get method
2021-01-20 12:08:01 INFO  get method
2021-01-20 12:08:14 INFO  get method
2021-01-20 12:09:51 INFO  inside userDetailsService [Administrator]
2021-01-20 12:09:51 INFO  get method
2021-01-20 12:10:04 INFO  get method
2021-01-20 12:10:47 INFO  inside userDetailsService [Requestor]
2021-01-20 12:11:10 INFO  inside userDetailsService [Administrator]
2021-01-20 12:12:03 INFO  inside userDetailsService [Administrator]
2021-01-20 12:12:10 INFO  inside userDetailsService [Administrator]
2021-01-20 12:12:10 INFO  get method
2021-01-20 12:12:29 INFO  get method
2021-01-20 12:12:37 INFO  get method
2021-01-20 12:12:48 INFO  get method
2021-01-20 12:12:49 INFO  get method
2021-01-20 12:13:48 INFO  inside userDetailsService [Requestor]
2021-01-20 12:14:02 INFO  inside userDetailsService [Administrator]
2021-01-20 12:15:55 INFO  inside userDetailsService [Administrator]
2021-01-20 12:15:55 INFO  get method
2021-01-20 16:13:32 INFO  inside Autherization 
2021-01-20 16:14:41 INFO  inside Autherization 
2021-01-20 16:14:44 INFO  inside Autherization 
2021-01-20 16:15:44 INFO  inside Autherization 
2021-01-20 16:27:52 INFO  inside Autherization 
2021-01-20 16:29:35 INFO  inside Autherization 
2021-01-20 16:34:11 INFO  inside Autherization 
2021-01-20 16:34:13 INFO  inside Autherization 
2021-01-20 16:34:18 INFO  inside Autherization 
2021-01-20 16:38:48 INFO  inside Autherization 
2021-01-20 16:39:16 INFO  inside Autherization 
2021-01-20 18:07:06 INFO  inside Autherization 
2021-01-20 18:07:23 INFO  inside Autherization 
2021-01-20 18:08:02 INFO  inside Autherization 
2021-01-20 18:08:11 INFO  inside Autherization 
2021-01-20 18:09:13 INFO  inside Autherization 
2021-01-20 18:16:51 INFO  inside Autherization 
2021-01-21 10:52:03 INFO  inside Autherization 
2021-01-21 11:00:48 INFO  inside Autherization 
2021-01-21 11:35:40 INFO  inside userDetailsService [Requestor]
2021-01-21 11:35:40 INFO  get method
2021-01-21 11:35:56 INFO  get method
2021-01-21 11:36:06 INFO  inside userDetailsService [Administrator]
2021-01-21 11:36:14 INFO  inside userDetailsService [Administrator]
2021-01-21 11:37:15 INFO  inside userDetailsService [Administrator]
2021-01-21 14:54:58 INFO  inside Autherization 
2021-01-21 14:57:00 INFO  inside Autherization 
2021-01-21 15:08:28 INFO  inside Autherization 
2021-01-21 15:08:52 INFO  inside userDetailsService [Requestor]
2021-01-21 15:08:52 INFO  get method
2021-01-21 15:09:36 INFO  get method
2021-01-21 15:09:40 INFO  User Not Found
2021-01-21 15:27:26 INFO  inside userDetailsService [Requestor]
2021-01-21 15:27:26 INFO  get method
2021-01-21 15:27:36 INFO  User Not Found
2021-01-21 15:27:43 INFO  inside userDetailsService [Requestor]
2021-01-21 15:27:43 INFO  get method
2021-01-21 17:01:09 INFO  inside userDetailsService [Requestor]
2021-01-21 17:15:36 INFO  get method
2021-01-21 17:19:20 INFO  inside userDetailsService [Requestor]
2021-01-21 17:23:32 INFO  inside Autherization 
2021-01-21 17:27:12 INFO  inside Autherization 
2021-01-21 17:28:23 INFO  inside Autherization 
2021-01-21 17:32:07 INFO  inside userDetailsService [Requestor]
2021-01-21 17:32:07 INFO  get method
2021-01-21 17:32:53 INFO  get method
2021-01-21 17:35:02 INFO  get method
2021-01-21 17:36:44 INFO  inside userDetailsService [Requestor]
2021-01-21 17:36:59 INFO  get method
2021-01-21 17:37:11 INFO  get method
2021-01-25 13:04:53 INFO  inside Autherization 
2021-01-25 13:06:48 INFO  inside userDetailsService [Requestor]
2021-01-25 13:07:41 INFO  inside Autherization 
2021-01-25 13:07:42 INFO  inside userDetailsService [Requestor]
2021-01-25 13:08:30 INFO  inside Autherization 
2021-01-25 13:08:35 INFO  inside userDetailsService [Requestor]
2021-01-25 14:24:13 INFO  inside Autherization 
2021-01-25 14:24:14 INFO  inside userDetailsService [Requestor]
2021-01-25 15:13:53 INFO  inside Autherization 
2021-01-25 15:39:11 INFO  inside Autherization 
2021-01-25 15:58:38 INFO  inside userDetailsService [Requestor]
2021-01-25 16:01:11 INFO  inside Autherization 
2021-01-25 16:01:14 INFO  inside Autherization 
2021-01-25 16:01:26 INFO  inside Autherization 
2021-01-25 16:01:43 INFO  inside userDetailsService [Requestor]
2021-01-25 16:38:55 INFO  inside Autherization 
2021-01-25 16:39:07 INFO  inside userDetailsService [Requestor]
2021-01-25 16:42:15 INFO  inside Autherization 
2021-01-25 16:42:19 INFO  inside userDetailsService [Requestor]
2021-01-25 16:43:16 INFO  inside Autherization 
2021-01-25 16:43:41 INFO  inside Autherization 
2021-01-25 16:43:47 INFO  inside userDetailsService [Requestor]
2021-01-25 16:45:50 INFO  inside Autherization 
2021-01-25 16:46:00 INFO  inside Autherization 
2021-01-25 16:46:04 INFO  inside Autherization 
2021-01-25 22:42:53 INFO  inside Autherization 
2021-01-25 22:45:36 INFO  inside userDetailsService [Requestor]
2021-01-25 22:46:40 INFO  inside Autherization 
2021-01-25 22:46:44 INFO  inside Autherization 
2021-01-25 22:49:13 INFO  inside Autherization 
2021-01-25 22:49:22 INFO  inside userDetailsService [Requestor]
2021-01-25 22:49:53 INFO  inside Autherization 
2021-01-25 22:51:12 INFO  inside Autherization 
2021-01-25 22:51:19 INFO  inside Autherization 
2021-01-25 22:51:33 INFO  inside Autherization 
2021-01-25 22:51:56 INFO  inside Autherization 
2021-01-25 22:52:10 INFO  inside Autherization 
2021-01-25 22:57:40 INFO  inside Autherization 
2021-01-25 22:57:45 INFO  inside Autherization 
2021-01-25 22:59:12 INFO  inside Autherization 
2021-01-25 22:59:21 INFO  inside Autherization 
2021-01-27 11:13:57 INFO  inside Autherization 
2021-01-27 11:15:49 INFO  inside userDetailsService [Requestor]
2021-01-27 11:19:39 INFO  inside Autherization 
2021-01-27 11:19:44 INFO  inside Autherization 
2021-01-27 11:22:57 INFO  inside Autherization 
2021-01-27 11:23:05 INFO  inside Autherization 
2021-01-27 11:23:09 INFO  inside Autherization 
2021-01-27 11:26:34 INFO  inside Autherization 
2021-01-27 11:26:37 INFO  inside Autherization 
2021-01-27 11:26:57 INFO  inside Autherization 
2021-01-27 11:27:00 INFO  inside Autherization 
2021-01-27 11:27:10 INFO  inside Autherization 
2021-01-27 11:27:15 INFO  inside Autherization 
2021-01-27 11:29:02 INFO  inside Autherization 
2021-01-27 11:29:06 INFO  inside Autherization 
2021-01-27 11:30:42 INFO  inside Autherization 
2021-01-27 11:30:47 INFO  inside Autherization 
2021-01-27 11:31:25 INFO  inside Autherization 
2021-01-27 11:31:54 INFO  inside Autherization 
2021-01-27 11:31:59 INFO  inside Autherization 
2021-01-27 11:32:32 INFO  inside Autherization 
2021-01-27 11:32:36 INFO  inside Autherization 
2021-01-27 11:34:20 INFO  inside Autherization 
2021-01-27 11:34:25 INFO  inside Autherization 
2021-01-27 11:35:09 INFO  inside Autherization 
2021-01-27 11:35:14 INFO  inside Autherization 
2021-01-27 11:36:19 INFO  inside Autherization 
2021-01-27 11:37:34 INFO  inside Autherization 
2021-01-27 11:38:19 INFO  inside Autherization 
2021-01-27 11:38:23 INFO  inside Autherization 
2021-01-27 11:39:14 INFO  inside Autherization 
2021-01-27 11:39:19 INFO  inside Autherization 
2021-01-27 11:40:57 INFO  inside Autherization 
2021-01-27 11:48:52 INFO  inside Autherization 
2021-01-27 11:49:11 INFO  inside Autherization 
2021-01-27 11:49:15 INFO  inside Autherization 
2021-01-27 11:50:44 INFO  inside Autherization 
2021-01-27 11:50:48 INFO  inside Autherization 
2021-01-27 11:51:08 INFO  inside Autherization 
2021-01-27 11:51:12 INFO  inside Autherization 
2021-01-27 11:51:21 INFO  inside Autherization 
2021-01-27 11:51:24 INFO  inside Autherization 
2021-01-27 11:51:46 INFO  inside Autherization 
2021-01-27 11:51:56 INFO  inside Autherization 
2021-01-27 11:54:44 INFO  inside Autherization 
2021-01-27 11:55:01 INFO  inside Autherization 
2021-01-27 11:55:35 INFO  inside Autherization 
2021-01-27 11:55:38 INFO  inside Autherization 
2021-01-27 11:55:54 INFO  inside Autherization 
2021-01-27 11:56:35 INFO  inside Autherization 
2021-01-27 11:56:47 INFO  inside Autherization 
2021-01-27 11:57:17 INFO  inside Autherization 
2021-01-27 11:57:21 INFO  inside Autherization 
2021-01-27 11:57:45 INFO  inside Autherization 
2021-01-27 11:57:49 INFO  inside Autherization 
2021-01-27 11:58:09 INFO  inside Autherization 
2021-01-27 11:58:13 INFO  inside Autherization 
2021-01-27 11:58:31 INFO  inside Autherization 
2021-01-27 11:58:37 INFO  inside Autherization 
2021-01-27 11:59:51 INFO  inside Autherization 
2021-01-27 12:00:34 INFO  inside Autherization 
2021-01-27 12:01:52 INFO  inside Autherization 
2021-01-27 12:05:01 INFO  inside Autherization 
2021-01-27 12:05:05 INFO  inside Autherization 
2021-01-27 12:05:44 INFO  inside Autherization 
2021-01-27 12:06:03 INFO  inside Autherization 
2021-01-27 12:07:46 INFO  inside Autherization 
2021-01-27 12:08:08 INFO  inside Autherization 
2021-01-27 12:08:14 INFO  inside Autherization 
2021-01-27 12:08:19 INFO  inside Autherization 
2021-01-27 12:08:26 INFO  inside Autherization 
2021-01-27 12:08:43 INFO  inside Autherization 
2021-01-27 12:08:56 INFO  inside Autherization 
2021-01-27 12:09:11 INFO  inside Autherization 
2021-01-27 12:09:16 INFO  inside Autherization 
2021-01-27 12:09:48 INFO  inside Autherization 
2021-01-27 12:09:51 INFO  inside Autherization 
2021-01-27 12:09:56 INFO  inside Autherization 
2021-01-27 12:10:09 INFO  inside Autherization 
2021-01-27 12:10:21 INFO  inside Autherization 
2021-01-27 12:11:46 INFO  inside Autherization 
2021-01-27 12:12:02 INFO  inside Autherization 
2021-01-27 12:12:09 INFO  inside Autherization 
2021-01-27 12:12:37 INFO  inside Autherization 
2021-01-27 12:12:56 INFO  inside Autherization 
2021-01-27 12:14:02 INFO  inside Autherization 
2021-01-27 12:14:59 INFO  inside Autherization 
2021-01-27 12:15:08 INFO  inside Autherization 
2021-01-27 12:16:24 INFO  inside Autherization 
2021-01-27 12:17:35 INFO  inside Autherization 
2021-01-27 12:17:39 INFO  inside Autherization 
2021-01-27 12:18:12 INFO  inside Autherization 
2021-01-27 12:18:20 INFO  inside Autherization 
2021-01-27 12:19:45 INFO  inside Autherization 
2021-01-27 12:20:35 INFO  inside Autherization 
2021-01-27 12:21:37 INFO  inside Autherization 
2021-01-27 12:21:59 INFO  inside Autherization 
2021-01-27 12:23:25 INFO  inside Autherization 
2021-01-27 12:23:48 INFO  inside Autherization 
2021-01-27 12:23:55 INFO  inside Autherization 
2021-01-27 12:27:12 INFO  inside Autherization 
2021-01-27 12:27:22 INFO  inside Autherization 
2021-01-27 12:30:02 INFO  inside Autherization 
2021-01-27 12:30:22 INFO  inside Autherization 
2021-01-27 12:30:41 INFO  inside Autherization 
2021-01-27 12:31:32 INFO  inside Autherization 
2021-01-27 12:32:20 INFO  inside Autherization 
2021-01-27 12:32:53 INFO  inside Autherization 
2021-01-27 12:33:48 INFO  inside Autherization 
2021-01-27 12:34:41 INFO  inside Autherization 
2021-01-27 12:36:03 INFO  inside Autherization 
2021-01-27 12:37:13 INFO  inside Autherization 
2021-01-27 12:37:27 INFO  inside Autherization 
2021-01-27 12:37:50 INFO  inside Autherization 
2021-01-27 12:38:06 INFO  inside Autherization 
2021-01-27 12:38:10 INFO  inside Autherization 
2021-01-27 12:39:01 INFO  inside Autherization 
2021-01-27 12:39:15 INFO  inside Autherization 
2021-01-27 12:39:19 INFO  inside Autherization 
2021-01-27 12:39:44 INFO  inside Autherization 
2021-01-27 12:39:50 INFO  inside Autherization 
2021-01-27 12:40:46 INFO  inside Autherization 
2021-01-27 12:42:14 INFO  inside Autherization 
2021-01-27 12:42:20 INFO  inside Autherization 
2021-01-27 12:42:41 INFO  inside Autherization 
2021-01-27 12:42:57 INFO  inside Autherization 
2021-01-27 12:43:09 INFO  inside Autherization 
2021-01-27 12:43:13 INFO  inside Autherization 
2021-01-27 12:44:21 INFO  inside Autherization 
2021-01-27 12:45:22 INFO  inside Autherization 
2021-01-27 12:45:46 INFO  inside Autherization 
2021-01-27 12:45:49 INFO  inside Autherization 
2021-01-27 12:45:56 INFO  inside Autherization 
2021-01-27 12:46:00 INFO  inside Autherization 
2021-01-27 12:46:36 INFO  inside Autherization 
2021-01-27 12:47:15 INFO  inside Autherization 
2021-01-27 12:47:28 INFO  inside Autherization 
2021-01-27 12:47:42 INFO  inside Autherization 
2021-01-27 12:49:03 INFO  inside Autherization 
2021-01-27 12:49:08 INFO  inside Autherization 
2021-01-27 12:49:18 INFO  inside Autherization 
2021-01-27 12:49:22 INFO  inside Autherization 
2021-01-27 12:49:37 INFO  inside Autherization 
2021-01-27 12:49:40 INFO  inside Autherization 
2021-01-27 12:49:48 INFO  inside Autherization 
2021-01-27 12:49:55 INFO  inside Autherization 
2021-01-27 12:51:23 INFO  inside Autherization 
2021-01-27 12:51:29 INFO  inside Autherization 
2021-01-27 12:51:34 INFO  inside Autherization 
2021-01-27 12:51:38 INFO  inside Autherization 
2021-01-27 12:52:55 INFO  inside Autherization 
2021-01-27 13:04:18 INFO  inside Autherization 
2021-01-27 13:08:29 INFO  inside Autherization 
2021-01-27 13:12:30 INFO  inside Autherization 
2021-01-27 14:06:18 INFO  inside Autherization 
2021-01-27 14:10:21 INFO  inside Autherization 
2021-01-27 14:10:28 INFO  inside Autherization 
2021-01-27 14:10:44 INFO  inside Autherization 
2021-01-27 14:10:49 INFO  inside Autherization 
2021-01-27 14:10:56 INFO  inside Autherization 
2021-01-27 14:11:02 INFO  inside Autherization 
2021-01-27 14:11:06 INFO  inside Autherization 
2021-01-27 14:11:26 INFO  inside Autherization 
2021-01-27 14:11:31 INFO  inside Autherization 
2021-01-27 14:11:36 INFO  inside Autherization 
2021-01-27 14:12:22 INFO  inside Autherization 
2021-01-27 14:12:28 INFO  inside Autherization 
2021-01-27 14:12:57 INFO  inside Autherization 
2021-01-27 14:13:04 INFO  inside Autherization 
2021-01-27 14:13:09 INFO  inside Autherization 
2021-01-27 14:13:16 INFO  inside Autherization 
2021-01-27 14:13:22 INFO  inside Autherization 
2021-01-27 14:13:27 INFO  inside Autherization 
2021-01-27 14:13:31 INFO  inside Autherization 
2021-01-27 14:13:36 INFO  inside Autherization 
2021-01-27 14:13:45 INFO  inside Autherization 
2021-01-27 14:13:50 INFO  inside Autherization 
2021-01-27 14:15:10 INFO  inside Autherization 
2021-01-27 14:15:15 INFO  inside Autherization 
2021-01-27 14:36:57 INFO  inside Autherization 
2021-01-28 11:42:00 INFO  inside Autherization 
2021-01-28 11:43:17 INFO  inside Autherization 
2021-01-28 16:27:35 INFO  inside Autherization 
2021-01-28 16:32:11 INFO  inside Autherization 
2021-01-28 16:32:15 INFO  inside Autherization 
2021-01-28 16:33:59 INFO  inside Autherization 
2021-01-28 16:34:10 INFO  inside Autherization 
2021-01-28 16:38:58 INFO  inside Autherization 
2021-01-28 16:39:12 INFO  inside Autherization 
2021-01-28 16:39:16 INFO  inside Autherization 
2021-01-28 16:40:39 INFO  inside Autherization 
2021-01-28 16:40:44 INFO  inside Autherization 
2021-01-28 17:19:44 INFO  inside Autherization 
2021-01-28 17:19:49 INFO  inside Autherization 
2021-01-28 17:21:06 INFO  inside Autherization 
2021-01-28 17:21:21 INFO  inside Autherization 
2021-01-28 17:26:21 INFO  inside Autherization 
2021-01-28 17:28:27 INFO  inside Autherization 
2021-01-28 17:28:30 INFO  inside Autherization 
2021-01-28 17:28:49 INFO  inside Autherization 
2021-01-28 17:28:54 INFO  inside Autherization 
2021-01-28 17:28:58 INFO  inside Autherization 
2021-01-28 17:31:48 INFO  inside Autherization 
2021-01-28 17:31:54 INFO  inside Autherization 
2021-01-28 17:32:12 INFO  inside Autherization 
2021-01-28 17:32:17 INFO  inside Autherization 
2021-01-28 17:33:21 INFO  inside Autherization 
2021-01-28 17:36:01 INFO  inside Autherization 
2021-01-28 17:37:05 INFO  inside Autherization 
2021-01-28 17:38:01 INFO  inside Autherization 
2021-01-28 17:38:30 INFO  inside Autherization 
2021-01-28 17:39:23 INFO  inside Autherization 
2021-01-28 17:42:17 INFO  inside Autherization 
2021-01-28 17:43:01 INFO  inside Autherization 
2021-01-28 17:43:05 INFO  inside Autherization 
2021-01-28 17:44:43 INFO  inside Autherization 
2021-01-28 17:46:31 INFO  inside Autherization 
2021-01-28 17:46:47 INFO  inside Autherization 
2021-01-28 17:46:55 INFO  inside Autherization 
2021-01-28 17:46:59 INFO  inside Autherization 
2021-01-28 17:47:06 INFO  inside Autherization 
2021-01-28 17:47:42 INFO  inside Autherization 
2021-01-28 17:47:46 INFO  inside Autherization 
2021-01-28 17:48:09 INFO  inside Autherization 
2021-01-28 17:48:12 INFO  inside Autherization 
2021-01-28 17:48:28 INFO  inside Autherization 
2021-01-28 17:48:45 INFO  inside Autherization 
2021-01-28 17:48:50 INFO  inside Autherization 
2021-01-28 17:48:53 INFO  inside Autherization 
2021-01-28 17:49:02 INFO  inside Autherization 
2021-01-28 17:49:09 INFO  inside Autherization 
2021-01-28 17:49:15 INFO  inside Autherization 
2021-01-28 17:50:34 INFO  inside Autherization 
2021-01-28 17:54:50 INFO  inside Autherization 
2021-01-28 17:55:25 INFO  inside Autherization 
2021-01-28 17:55:42 INFO  inside Autherization 
2021-01-28 17:56:29 INFO  inside Autherization 
2021-01-28 17:56:39 INFO  inside Autherization 
2021-01-28 17:56:42 INFO  inside Autherization 
2021-01-28 17:57:14 INFO  inside Autherization 
2021-01-28 17:57:34 INFO  inside Autherization 
2021-01-28 17:57:37 INFO  inside Autherization 
2021-01-28 17:59:11 INFO  inside Autherization 
2021-01-28 17:59:14 INFO  inside Autherization 
2021-01-28 17:59:22 INFO  inside Autherization 
2021-01-28 17:59:27 INFO  inside Autherization 
2021-01-28 17:59:40 INFO  inside Autherization 
2021-01-28 18:00:49 INFO  inside Autherization 
2021-01-28 18:01:15 INFO  inside Autherization 
2021-01-28 18:07:05 INFO  inside Autherization 
2021-01-28 18:08:56 INFO  inside Autherization 
2021-01-28 18:10:51 INFO  inside Autherization 
2021-01-28 18:11:24 INFO  inside Autherization 
2021-01-28 18:11:28 INFO  inside Autherization 
2021-01-28 18:11:45 INFO  inside Autherization 
2021-01-28 18:14:15 INFO  inside Autherization 
2021-01-28 18:14:30 INFO  inside Autherization 
2021-01-28 18:15:11 INFO  inside Autherization 
2021-01-28 18:15:27 INFO  inside Autherization 
2021-01-28 18:17:01 INFO  inside Autherization 
2021-01-28 18:17:33 INFO  inside Autherization 
2021-01-28 18:17:51 INFO  inside Autherization 
2021-01-28 18:18:12 INFO  inside Autherization 
2021-01-28 18:20:25 INFO  inside Autherization 
2021-01-28 18:21:31 INFO  inside Autherization 
2021-01-28 18:22:00 INFO  inside Autherization 
2021-01-28 18:22:05 INFO  inside Autherization 
2021-01-28 18:22:10 INFO  inside Autherization 
2021-01-28 18:23:04 INFO  inside Autherization 
2021-01-28 18:23:15 INFO  inside Autherization 
2021-01-28 18:23:40 INFO  inside Autherization 
2021-01-28 18:23:47 INFO  inside Autherization 
2021-01-28 18:23:52 INFO  inside Autherization 
2021-01-28 18:24:18 INFO  inside Autherization 
2021-01-28 18:24:58 INFO  inside Autherization 
2021-01-28 18:25:06 INFO  inside Autherization 
2021-01-28 18:25:10 INFO  inside Autherization 
2021-01-28 18:25:53 INFO  inside Autherization 
2021-01-28 18:26:02 INFO  inside Autherization 
2021-01-28 18:27:15 INFO  inside Autherization 
2021-01-28 18:27:31 INFO  inside Autherization 
2021-01-28 18:27:45 INFO  inside Autherization 
2021-01-28 18:28:44 INFO  inside Autherization 
2021-01-28 18:30:41 INFO  inside Autherization 
2021-01-28 18:30:45 INFO  inside Autherization 
2021-01-29 16:34:20 INFO  inside Autherization 
2021-01-29 16:36:23 INFO  inside Autherization 
2021-01-29 16:37:22 INFO  inside Autherization 
2021-01-29 16:37:57 INFO  inside Autherization 
2021-01-29 16:38:12 INFO  inside Autherization 
2021-01-29 16:39:13 INFO  inside Autherization 
2021-01-29 16:44:14 INFO  inside Autherization 
2021-02-01 12:51:59 INFO  inside Autherization 
2021-02-01 12:54:06 INFO  inside Autherization 
2021-02-01 12:54:11 INFO  inside Autherization 
2021-02-01 12:55:02 INFO  inside Autherization 
2021-02-01 12:58:25 INFO  inside Autherization 
2021-02-01 12:58:28 INFO  inside Autherization 
2021-02-01 12:59:01 INFO  inside Autherization 
